# JRE version: OpenJDK Runtime Environment (8.0_121-b13) (build 1.8.0_121-8u121-b13-0ubuntu1.16.04.2-b13)
# Java VM: OpenJDK 64-Bit Server VM (25.121-b13 mixed mode linux-amd64 compressed oops)
Heap:
 PSYoungGen      total 310272K, used 85766K [0x00000000ec000000, 0x0000000100000000, 0x0000000100000000)
  eden space 292864K, 29% used [0x00000000ec000000,0x00000000f13c1b90,0x00000000fde00000)
  from space 17408K, 0% used [0x00000000fef00000,0x00000000fef00000,0x0000000100000000)
  to   space 17408K, 0% used [0x00000000fde00000,0x00000000fde00000,0x00000000fef00000)
 ParOldGen       total 35328K, used 9773K [0x00000000c4000000, 0x00000000c6280000, 0x00000000ec000000)
  object space 35328K, 27% used [0x00000000c4000000,0x00000000c498b658,0x00000000c6280000)
 Metaspace       used 29579K, capacity 29838K, committed 30336K, reserved 1077248K
  class space    used 3037K, capacity 3134K, committed 3200K, reserved 1048576K
GC Heap History (10 events):
Event: 2.439 GC heap before
{Heap before GC invocations=9 (full 0):
 PSYoungGen      total 130560K, used 119989K [0x00000000ec000000, 0x00000000f4c00000, 0x0000000100000000)
  eden space 119296K, 100% used [0x00000000ec000000,0x00000000f3480000,0x00000000f3480000)
  from space 11264K, 6% used [0x00000000f4000000,0x00000000f40ad7f0,0x00000000f4b00000)
  to   space 11776K, 0% used [0x00000000f3480000,0x00000000f3480000,0x00000000f4000000)
 ParOldGen       total 40960K, used 18355K [0x00000000c4000000, 0x00000000c6800000, 0x00000000ec000000)
  object space 40960K, 44% used [0x00000000c4000000,0x00000000c51eccb8,0x00000000c6800000)
 Metaspace       used 12546K, capacity 12648K, committed 12928K, reserved 1060864K
  class space    used 1305K, capacity 1316K, committed 1408K, reserved 1048576K
Event: 2.441 GC heap after
Heap after GC invocations=9 (full 0):
 PSYoungGen      total 131072K, used 672K [0x00000000ec000000, 0x00000000f9280000, 0x0000000100000000)
  eden space 119296K, 0% used [0x00000000ec000000,0x00000000ec000000,0x00000000f3480000)
  from space 11776K, 5% used [0x00000000f3480000,0x00000000f3528000,0x00000000f4000000)
  to   space 12288K, 0% used [0x00000000f8680000,0x00000000f8680000,0x00000000f9280000)
 ParOldGen       total 40960K, used 18379K [0x00000000c4000000, 0x00000000c6800000, 0x00000000ec000000)
  object space 40960K, 44% used [0x00000000c4000000,0x00000000c51f2cb8,0x00000000c6800000)
 Metaspace       used 12546K, capacity 12648K, committed 12928K, reserved 1060864K
  class space    used 1305K, capacity 1316K, committed 1408K, reserved 1048576K
}
Event: 2.608 GC heap before
{Heap before GC invocations=10 (full 0):
 PSYoungGen      total 131072K, used 119968K [0x00000000ec000000, 0x00000000f9280000, 0x0000000100000000)
  eden space 119296K, 100% used [0x00000000ec000000,0x00000000f3480000,0x00000000f3480000)
  from space 11776K, 5% used [0x00000000f3480000,0x00000000f3528000,0x00000000f4000000)
  to   space 12288K, 0% used [0x00000000f8680000,0x00000000f8680000,0x00000000f9280000)
 ParOldGen       total 40960K, used 18379K [0x00000000c4000000, 0x00000000c6800000, 0x00000000ec000000)
  object space 40960K, 44% used [0x00000000c4000000,0x00000000c51f2cb8,0x00000000c6800000)
 Metaspace       used 12546K, capacity 12648K, committed 12928K, reserved 1060864K
  class space    used 1305K, capacity 1316K, committed 1408K, reserved 1048576K
Event: 2.611 GC heap after
Heap after GC invocations=10 (full 0):
 PSYoungGen      total 203264K, used 768K [0x00000000ec000000, 0x00000000f9280000, 0x0000000100000000)
  eden space 190976K, 0% used [0x00000000ec000000,0x00000000ec000000,0x00000000f7a80000)
  from space 12288K, 6% used [0x00000000f8680000,0x00000000f8740000,0x00000000f9280000)
  to   space 12288K, 0% used [0x00000000f7a80000,0x00000000f7a80000,0x00000000f8680000)
 ParOldGen       total 40960K, used 18403K [0x00000000c4000000, 0x00000000c6800000, 0x00000000ec000000)
  object space 40960K, 44% used [0x00000000c4000000,0x00000000c51f8cb8,0x00000000c6800000)
 Metaspace       used 12546K, capacity 12648K, committed 12928K, reserved 1060864K
  class space    used 1305K, capacity 1316K, committed 1408K, reserved 1048576K
}
Event: 5.573 GC heap before
{Heap before GC invocations=11 (full 0):
 PSYoungGen      total 203264K, used 191744K [0x00000000ec000000, 0x00000000f9280000, 0x0000000100000000)
  eden space 190976K, 100% used [0x00000000ec000000,0x00000000f7a80000,0x00000000f7a80000)
  from space 12288K, 6% used [0x00000000f8680000,0x00000000f8740000,0x00000000f9280000)
  to   space 12288K, 0% used [0x00000000f7a80000,0x00000000f7a80000,0x00000000f8680000)
 ParOldGen       total 40960K, used 18403K [0x00000000c4000000, 0x00000000c6800000, 0x00000000ec000000)
  object space 40960K, 44% used [0x00000000c4000000,0x00000000c51f8cb8,0x00000000c6800000)
 Metaspace       used 20734K, capacity 20966K, committed 21248K, reserved 1069056K
  class space    used 2127K, capacity 2201K, committed 2304K, reserved 1048576K
Event: 5.603 GC heap after
Heap after GC invocations=11 (full 0):
 PSYoungGen      total 203264K, used 12257K [0x00000000ec000000, 0x0000000100000000, 0x0000000100000000)
  eden space 190976K, 0% used [0x00000000ec000000,0x00000000ec000000,0x00000000f7a80000)
  from space 12288K, 99% used [0x00000000f7a80000,0x00000000f8678470,0x00000000f8680000)
  to   space 17408K, 0% used [0x00000000fef00000,0x00000000fef00000,0x0000000100000000)
 ParOldGen       total 40960K, used 27029K [0x00000000c4000000, 0x00000000c6800000, 0x00000000ec000000)
  object space 40960K, 65% used [0x00000000c4000000,0x00000000c5a654d8,0x00000000c6800000)
 Metaspace       used 20734K, capacity 20966K, committed 21248K, reserved 1069056K
  class space    used 2127K, capacity 2201K, committed 2304K, reserved 1048576K
}
Event: 5.617 GC heap before
{Heap before GC invocations=12 (full 0):
 PSYoungGen      total 203264K, used 13540K [0x00000000ec000000, 0x0000000100000000, 0x0000000100000000)
  eden space 190976K, 0% used [0x00000000ec000000,0x00000000ec140d28,0x00000000f7a80000)
  from space 12288K, 99% used [0x00000000f7a80000,0x00000000f8678470,0x00000000f8680000)
  to   space 17408K, 0% used [0x00000000fef00000,0x00000000fef00000,0x0000000100000000)
 ParOldGen       total 40960K, used 27029K [0x00000000c4000000, 0x00000000c6800000, 0x00000000ec000000)
  object space 40960K, 65% used [0x00000000c4000000,0x00000000c5a654d8,0x00000000c6800000)
 Metaspace       used 20844K, capacity 21062K, committed 21248K, reserved 1069056K
  class space    used 2146K, capacity 2233K, committed 2304K, reserved 1048576K
Event: 5.629 GC heap after
Heap after GC invocations=12 (full 0):
 PSYoungGen      total 310272K, used 192K [0x00000000ec000000, 0x0000000100000000, 0x0000000100000000)
  eden space 292864K, 0% used [0x00000000ec000000,0x00000000ec000000,0x00000000fde00000)
  from space 17408K, 1% used [0x00000000fef00000,0x00000000fef30000,0x0000000100000000)
  to   space 17408K, 0% used [0x00000000fde00000,0x00000000fde00000,0x00000000fef00000)
 ParOldGen       total 40960K, used 33109K [0x00000000c4000000, 0x00000000c6800000, 0x00000000ec000000)
  object space 40960K, 80% used [0x00000000c4000000,0x00000000c6055638,0x00000000c6800000)
 Metaspace       used 20844K, capacity 21062K, committed 21248K, reserved 1069056K
  class space    used 2146K, capacity 2233K, committed 2304K, reserved 1048576K
}
Event: 5.629 GC heap before
{Heap before GC invocations=13 (full 1):
 PSYoungGen      total 310272K, used 192K [0x00000000ec000000, 0x0000000100000000, 0x0000000100000000)
  eden space 292864K, 0% used [0x00000000ec000000,0x00000000ec000000,0x00000000fde00000)
  from space 17408K, 1% used [0x00000000fef00000,0x00000000fef30000,0x0000000100000000)
  to   space 17408K, 0% used [0x00000000fde00000,0x00000000fde00000,0x00000000fef00000)
 ParOldGen       total 40960K, used 33109K [0x00000000c4000000, 0x00000000c6800000, 0x00000000ec000000)
  object space 40960K, 80% used [0x00000000c4000000,0x00000000c6055638,0x00000000c6800000)
 Metaspace       used 20844K, capacity 21062K, committed 21248K, reserved 1069056K
  class space    used 2146K, capacity 2233K, committed 2304K, reserved 1048576K
Event: 5.671 GC heap after
Heap after GC invocations=13 (full 1):
 PSYoungGen      total 310272K, used 0K [0x00000000ec000000, 0x0000000100000000, 0x0000000100000000)
  eden space 292864K, 0% used [0x00000000ec000000,0x00000000ec000000,0x00000000fde00000)
  from space 17408K, 0% used [0x00000000fef00000,0x00000000fef00000,0x0000000100000000)
  to   space 17408K, 0% used [0x00000000fde00000,0x00000000fde00000,0x00000000fef00000)
 ParOldGen       total 35328K, used 9773K [0x00000000c4000000, 0x00000000c6280000, 0x00000000ec000000)
  object space 35328K, 27% used [0x00000000c4000000,0x00000000c498b658,0x00000000c6280000)
 Metaspace       used 20844K, capacity 21062K, committed 21248K, reserved 1069056K
  class space    used 2146K, capacity 2233K, committed 2304K, reserved 1048576K
}

